<?xml version="1.0" encoding="UTF-8"?>
<coverage generated="1540221108668" clover="3.2.0">
  <project timestamp="1540221108668" name="All files">
    <metrics statements="37" coveredstatements="30" conditionals="22" coveredconditionals="19" methods="20" coveredmethods="16" elements="79" coveredelements="65" complexity="0" loc="37" ncloc="37" packages="5" files="5" classes="5">
      <package name="app">
        <metrics statements="1" coveredstatements="1" conditionals="0" coveredconditionals="0" methods="0" coveredmethods="0"/>
        <file name="jest.setup.js" path="/Users/jasonslade/Sites/zoopla/app/jest.setup.js">
          <metrics statements="1" coveredstatements="1" conditionals="0" coveredconditionals="0" methods="0" coveredmethods="0"/>
          <line num="4" count="1" type="stmt"/>
        </file>
      </package>
      <package name="app.components.Properties">
        <metrics statements="2" coveredstatements="2" conditionals="0" coveredconditionals="0" methods="1" coveredmethods="1"/>
        <file name="Property.js" path="/Users/jasonslade/Sites/zoopla/app/components/Properties/Property.js">
          <metrics statements="2" coveredstatements="2" conditionals="0" coveredconditionals="0" methods="1" coveredmethods="1"/>
          <line num="4" count="1" type="stmt"/>
          <line num="5" count="30" type="stmt"/>
        </file>
      </package>
      <package name="app.components.ResultsList">
        <metrics statements="11" coveredstatements="10" conditionals="10" coveredconditionals="9" methods="7" coveredmethods="6"/>
        <file name="ResultsList.js" path="/Users/jasonslade/Sites/zoopla/app/components/ResultsList/ResultsList.js">
          <metrics statements="11" coveredstatements="10" conditionals="10" coveredconditionals="9" methods="7" coveredmethods="6"/>
          <line num="6" count="3" type="stmt"/>
          <line num="7" count="3" type="stmt"/>
          <line num="14" count="5" type="stmt"/>
          <line num="16" count="5" type="cond" truecount="3" falsecount="1"/>
          <line num="17" count="0" type="stmt"/>
          <line num="20" count="5" type="cond" truecount="4" falsecount="0"/>
          <line num="21" count="3" type="stmt"/>
          <line num="28" count="3" type="stmt"/>
          <line num="32" count="6" type="stmt"/>
          <line num="33" count="6" type="stmt"/>
          <line num="38" count="30" type="cond" truecount="2" falsecount="0"/>
        </file>
      </package>
      <package name="app.components.SearchBar">
        <metrics statements="8" coveredstatements="5" conditionals="0" coveredconditionals="0" methods="5" coveredmethods="3"/>
        <file name="SearchBar.js" path="/Users/jasonslade/Sites/zoopla/app/components/SearchBar/SearchBar.js">
          <metrics statements="8" coveredstatements="5" conditionals="0" coveredconditionals="0" methods="5" coveredmethods="3"/>
          <line num="5" count="1" type="stmt"/>
          <line num="6" count="1" type="stmt"/>
          <line num="8" count="1" type="stmt"/>
          <line num="9" count="1" type="stmt"/>
          <line num="13" count="0" type="stmt"/>
          <line num="17" count="0" type="stmt"/>
          <line num="18" count="0" type="stmt"/>
          <line num="26" count="1" type="stmt"/>
        </file>
      </package>
      <package name="app.pages">
        <metrics statements="15" coveredstatements="12" conditionals="12" coveredconditionals="10" methods="7" coveredmethods="6"/>
        <file name="results.js" path="/Users/jasonslade/Sites/zoopla/app/pages/results.js">
          <metrics statements="15" coveredstatements="12" conditionals="12" coveredconditionals="10" methods="7" coveredmethods="6"/>
          <line num="11" count="0" type="stmt"/>
          <line num="12" count="0" type="stmt"/>
          <line num="16" count="4" type="stmt"/>
          <line num="17" count="4" type="stmt"/>
          <line num="27" count="4" type="cond" truecount="3" falsecount="1"/>
          <line num="28" count="0" type="stmt"/>
          <line num="32" count="4" type="stmt"/>
          <line num="36" count="4" type="cond" truecount="2" falsecount="0"/>
          <line num="38" count="4" type="cond" truecount="2" falsecount="0"/>
          <line num="39" count="3" type="stmt"/>
          <line num="41" count="15" type="stmt"/>
          <line num="62" count="4" type="stmt"/>
          <line num="66" count="4" type="stmt"/>
          <line num="70" count="4" type="stmt"/>
          <line num="71" count="4" type="stmt"/>
        </file>
      </package>
    </metrics>
  </project>
</coverage>
