{"/Users/jasonslade/Sites/zoopla/app/jest.setup.js": {"path":"/Users/jasonslade/Sites/zoopla/app/jest.setup.js","statementMap":{"0":{"start":{"line":4,"column":0},"end":{"line":4,"column":37}}},"fnMap":{},"branchMap":{},"s":{"0":1},"f":{},"b":{},"_coverageSchema":"332fd63041d2c1bcb487cc26dd0d5f7d97098a6c","hash":"d318ca67d8d2bb9fd62681d7dfb11e5693ab3b2c"}
,"/Users/jasonslade/Sites/zoopla/app/components/Properties/Property.js": {"path":"/Users/jasonslade/Sites/zoopla/app/components/Properties/Property.js","statementMap":{"0":{"start":{"line":4,"column":17},"end":{"line":26,"column":1}},"1":{"start":{"line":5,"column":2},"end":{"line":25,"column":7}}},"fnMap":{"0":{"name":"(anonymous_0)","decl":{"start":{"line":4,"column":17},"end":{"line":4,"column":18}},"loc":{"start":{"line":5,"column":2},"end":{"line":25,"column":7}},"line":5}},"branchMap":{},"s":{"0":1,"1":30},"f":{"0":30},"b":{},"_coverageSchema":"332fd63041d2c1bcb487cc26dd0d5f7d97098a6c","hash":"8c4bd1f6c78947bc18e961ef54ff75dafad48027"}
,"/Users/jasonslade/Sites/zoopla/app/components/ResultsList/ResultsList.js": {"path":"/Users/jasonslade/Sites/zoopla/app/components/ResultsList/ResultsList.js","statementMap":{"0":{"start":{"line":6,"column":4},"end":{"line":6,"column":17}},"1":{"start":{"line":7,"column":4},"end":{"line":10,"column":6}},"2":{"start":{"line":14,"column":33},"end":{"line":14,"column":43}},"3":{"start":{"line":16,"column":4},"end":{"line":24,"column":5}},"4":{"start":{"line":17,"column":6},"end":{"line":19,"column":10}},"5":{"start":{"line":17,"column":34},"end":{"line":19,"column":7}},"6":{"start":{"line":20,"column":11},"end":{"line":24,"column":5}},"7":{"start":{"line":21,"column":6},"end":{"line":23,"column":10}},"8":{"start":{"line":21,"column":34},"end":{"line":23,"column":7}},"9":{"start":{"line":28,"column":4},"end":{"line":28,"column":74}},"10":{"start":{"line":32,"column":33},"end":{"line":32,"column":43}},"11":{"start":{"line":33,"column":4},"end":{"line":43,"column":6}},"12":{"start":{"line":38,"column":12},"end":{"line":39,"column":55}}},"fnMap":{"0":{"name":"(anonymous_0)","decl":{"start":{"line":5,"column":2},"end":{"line":5,"column":3}},"loc":{"start":{"line":5,"column":21},"end":{"line":11,"column":3}},"line":5},"1":{"name":"(anonymous_1)","decl":{"start":{"line":13,"column":2},"end":{"line":13,"column":3}},"loc":{"start":{"line":13,"column":20},"end":{"line":25,"column":3}},"line":13},"2":{"name":"(anonymous_2)","decl":{"start":{"line":17,"column":20},"end":{"line":17,"column":21}},"loc":{"start":{"line":17,"column":34},"end":{"line":19,"column":7}},"line":17},"3":{"name":"(anonymous_3)","decl":{"start":{"line":21,"column":20},"end":{"line":21,"column":21}},"loc":{"start":{"line":21,"column":34},"end":{"line":23,"column":7}},"line":21},"4":{"name":"(anonymous_4)","decl":{"start":{"line":27,"column":2},"end":{"line":27,"column":3}},"loc":{"start":{"line":27,"column":22},"end":{"line":29,"column":3}},"line":27},"5":{"name":"(anonymous_5)","decl":{"start":{"line":31,"column":2},"end":{"line":31,"column":3}},"loc":{"start":{"line":31,"column":11},"end":{"line":44,"column":3}},"line":31},"6":{"name":"(anonymous_6)","decl":{"start":{"line":37,"column":26},"end":{"line":37,"column":27}},"loc":{"start":{"line":38,"column":12},"end":{"line":39,"column":55}},"line":38}},"branchMap":{"0":{"loc":{"start":{"line":16,"column":4},"end":{"line":24,"column":5}},"type":"if","locations":[{"start":{"line":16,"column":4},"end":{"line":24,"column":5}},{"start":{"line":16,"column":4},"end":{"line":24,"column":5}}],"line":16},"1":{"loc":{"start":{"line":16,"column":8},"end":{"line":16,"column":38}},"type":"binary-expr","locations":[{"start":{"line":16,"column":8},"end":{"line":16,"column":24}},{"start":{"line":16,"column":28},"end":{"line":16,"column":38}}],"line":16},"2":{"loc":{"start":{"line":20,"column":11},"end":{"line":24,"column":5}},"type":"if","locations":[{"start":{"line":20,"column":11},"end":{"line":24,"column":5}},{"start":{"line":20,"column":11},"end":{"line":24,"column":5}}],"line":20},"3":{"loc":{"start":{"line":20,"column":15},"end":{"line":20,"column":65}},"type":"binary-expr","locations":[{"start":{"line":20,"column":15},"end":{"line":20,"column":31}},{"start":{"line":20,"column":35},"end":{"line":20,"column":65}}],"line":20},"4":{"loc":{"start":{"line":38,"column":54},"end":{"line":38,"column":86}},"type":"cond-expr","locations":[{"start":{"line":38,"column":73},"end":{"line":38,"column":81}},{"start":{"line":38,"column":84},"end":{"line":38,"column":86}}],"line":38}},"s":{"0":3,"1":3,"2":5,"3":5,"4":0,"5":0,"6":5,"7":3,"8":3,"9":3,"10":6,"11":6,"12":30},"f":{"0":3,"1":5,"2":0,"3":3,"4":3,"5":6,"6":30},"b":{"0":[0,5],"1":[5,2],"2":[3,2],"3":[5,3],"4":[6,24]},"_coverageSchema":"332fd63041d2c1bcb487cc26dd0d5f7d97098a6c","hash":"1cd9c47c8993d7e8fc387c9447405b166e0bede8"}
,"/Users/jasonslade/Sites/zoopla/app/components/SearchBar/SearchBar.js": {"path":"/Users/jasonslade/Sites/zoopla/app/components/SearchBar/SearchBar.js","statementMap":{"0":{"start":{"line":5,"column":4},"end":{"line":5,"column":17}},"1":{"start":{"line":6,"column":4},"end":{"line":6,"column":29}},"2":{"start":{"line":8,"column":4},"end":{"line":8,"column":53}},"3":{"start":{"line":9,"column":4},"end":{"line":9,"column":53}},"4":{"start":{"line":13,"column":4},"end":{"line":13,"column":47}},"5":{"start":{"line":17,"column":4},"end":{"line":17,"column":27}},"6":{"start":{"line":18,"column":4},"end":{"line":18,"column":67}},"7":{"start":{"line":26,"column":4},"end":{"line":36,"column":6}}},"fnMap":{"0":{"name":"(anonymous_0)","decl":{"start":{"line":4,"column":2},"end":{"line":4,"column":3}},"loc":{"start":{"line":4,"column":21},"end":{"line":10,"column":3}},"line":4},"1":{"name":"(anonymous_1)","decl":{"start":{"line":12,"column":2},"end":{"line":12,"column":3}},"loc":{"start":{"line":12,"column":22},"end":{"line":14,"column":3}},"line":12},"2":{"name":"(anonymous_2)","decl":{"start":{"line":16,"column":2},"end":{"line":16,"column":3}},"loc":{"start":{"line":16,"column":22},"end":{"line":19,"column":3}},"line":16},"3":{"name":"(anonymous_3)","decl":{"start":{"line":21,"column":2},"end":{"line":21,"column":3}},"loc":{"start":{"line":21,"column":22},"end":{"line":23,"column":3}},"line":21},"4":{"name":"(anonymous_4)","decl":{"start":{"line":25,"column":2},"end":{"line":25,"column":3}},"loc":{"start":{"line":25,"column":11},"end":{"line":37,"column":3}},"line":25}},"branchMap":{},"s":{"0":1,"1":1,"2":1,"3":1,"4":0,"5":0,"6":0,"7":1},"f":{"0":1,"1":0,"2":0,"3":1,"4":1},"b":{},"_coverageSchema":"332fd63041d2c1bcb487cc26dd0d5f7d97098a6c","hash":"6a222eb73eb2ae09bc795e2480a8a0656cdc5f84"}
,"/Users/jasonslade/Sites/zoopla/app/pages/results.js": {"path":"/Users/jasonslade/Sites/zoopla/app/pages/results.js","statementMap":{"0":{"start":{"line":11,"column":15},"end":{"line":11,"column":20}},"1":{"start":{"line":12,"column":4},"end":{"line":12,"column":17}},"2":{"start":{"line":16,"column":4},"end":{"line":16,"column":17}},"3":{"start":{"line":17,"column":4},"end":{"line":23,"column":6}},"4":{"start":{"line":27,"column":4},"end":{"line":58,"column":5}},"5":{"start":{"line":28,"column":6},"end":{"line":30,"column":9}},"6":{"start":{"line":32,"column":6},"end":{"line":34,"column":9}},"7":{"start":{"line":36,"column":29},"end":{"line":36,"column":68}},"8":{"start":{"line":38,"column":6},"end":{"line":57,"column":7}},"9":{"start":{"line":39,"column":8},"end":{"line":56,"column":10}},"10":{"start":{"line":41,"column":48},"end":{"line":53,"column":11}},"11":{"start":{"line":62,"column":4},"end":{"line":62,"column":61}},"12":{"start":{"line":66,"column":4},"end":{"line":66,"column":23}},"13":{"start":{"line":70,"column":66},"end":{"line":70,"column":76}},"14":{"start":{"line":71,"column":4},"end":{"line":103,"column":6}}},"fnMap":{"0":{"name":"(anonymous_0)","decl":{"start":{"line":10,"column":2},"end":{"line":10,"column":3}},"loc":{"start":{"line":10,"column":42},"end":{"line":13,"column":3}},"line":10},"1":{"name":"(anonymous_1)","decl":{"start":{"line":15,"column":2},"end":{"line":15,"column":3}},"loc":{"start":{"line":15,"column":21},"end":{"line":24,"column":3}},"line":15},"2":{"name":"(anonymous_2)","decl":{"start":{"line":26,"column":2},"end":{"line":26,"column":3}},"loc":{"start":{"line":26,"column":26},"end":{"line":59,"column":3}},"line":26},"3":{"name":"(anonymous_3)","decl":{"start":{"line":41,"column":39},"end":{"line":41,"column":40}},"loc":{"start":{"line":41,"column":48},"end":{"line":53,"column":11}},"line":41},"4":{"name":"(anonymous_4)","decl":{"start":{"line":61,"column":2},"end":{"line":61,"column":3}},"loc":{"start":{"line":61,"column":16},"end":{"line":63,"column":3}},"line":61},"5":{"name":"(anonymous_5)","decl":{"start":{"line":65,"column":2},"end":{"line":65,"column":3}},"loc":{"start":{"line":65,"column":23},"end":{"line":67,"column":3}},"line":65},"6":{"name":"(anonymous_6)","decl":{"start":{"line":69,"column":2},"end":{"line":69,"column":3}},"loc":{"start":{"line":69,"column":11},"end":{"line":104,"column":3}},"line":69}},"branchMap":{"0":{"loc":{"start":{"line":27,"column":4},"end":{"line":58,"column":5}},"type":"if","locations":[{"start":{"line":27,"column":4},"end":{"line":58,"column":5}},{"start":{"line":27,"column":4},"end":{"line":58,"column":5}}],"line":27},"1":{"loc":{"start":{"line":27,"column":8},"end":{"line":27,"column":34}},"type":"binary-expr","locations":[{"start":{"line":27,"column":8},"end":{"line":27,"column":17}},{"start":{"line":27,"column":21},"end":{"line":27,"column":34}}],"line":27},"2":{"loc":{"start":{"line":36,"column":29},"end":{"line":36,"column":68}},"type":"cond-expr","locations":[{"start":{"line":36,"column":56},"end":{"line":36,"column":60}},{"start":{"line":36,"column":63},"end":{"line":36,"column":68}}],"line":36},"3":{"loc":{"start":{"line":38,"column":6},"end":{"line":57,"column":7}},"type":"if","locations":[{"start":{"line":38,"column":6},"end":{"line":57,"column":7}},{"start":{"line":38,"column":6},"end":{"line":57,"column":7}}],"line":38},"4":{"loc":{"start":{"line":74,"column":12},"end":{"line":83,"column":13}},"type":"cond-expr","locations":[{"start":{"line":75,"column":14},"end":{"line":75,"column":69}},{"start":{"line":77,"column":14},"end":{"line":81,"column":64}}],"line":74},"5":{"loc":{"start":{"line":86,"column":14},"end":{"line":100,"column":13}},"type":"cond-expr","locations":[{"start":{"line":87,"column":14},"end":{"line":94,"column":22}},{"start":{"line":96,"column":14},"end":{"line":99,"column":20}}],"line":86}},"s":{"0":0,"1":0,"2":4,"3":4,"4":4,"5":0,"6":4,"7":4,"8":4,"9":3,"10":15,"11":4,"12":4,"13":4,"14":4},"f":{"0":0,"1":4,"2":4,"3":15,"4":4,"5":4,"6":4},"b":{"0":[0,4],"1":[4,4],"2":[3,1],"3":[3,1],"4":[4,0],"5":[3,1]},"_coverageSchema":"332fd63041d2c1bcb487cc26dd0d5f7d97098a6c","hash":"88347a57867d5055bd50f29ab7e7a9d887439045"}
}
