TN:
SF:/Users/jasonslade/Sites/zoopla/app/jest.setup.js
FNF:0
FNH:0
DA:4,1
LF:1
LH:1
BRF:0
BRH:0
end_of_record
TN:
SF:/Users/jasonslade/Sites/zoopla/app/components/Properties/Property.js
FN:4,(anonymous_0)
FNF:1
FNH:1
FNDA:30,(anonymous_0)
DA:4,1
DA:5,30
LF:2
LH:2
BRF:0
BRH:0
end_of_record
TN:
SF:/Users/jasonslade/Sites/zoopla/app/components/ResultsList/ResultsList.js
FN:5,(anonymous_0)
FN:13,(anonymous_1)
FN:17,(anonymous_2)
FN:21,(anonymous_3)
FN:27,(anonymous_4)
FN:31,(anonymous_5)
FN:37,(anonymous_6)
FNF:7
FNH:6
FNDA:3,(anonymous_0)
FNDA:5,(anonymous_1)
FNDA:0,(anonymous_2)
FNDA:3,(anonymous_3)
FNDA:3,(anonymous_4)
FNDA:6,(anonymous_5)
FNDA:30,(anonymous_6)
DA:6,3
DA:7,3
DA:14,5
DA:16,5
DA:17,0
DA:20,5
DA:21,3
DA:28,3
DA:32,6
DA:33,6
DA:38,30
LF:11
LH:10
BRDA:16,0,0,0
BRDA:16,0,1,5
BRDA:16,1,0,5
BRDA:16,1,1,2
BRDA:20,2,0,3
BRDA:20,2,1,2
BRDA:20,3,0,5
BRDA:20,3,1,3
BRDA:38,4,0,6
BRDA:38,4,1,24
BRF:10
BRH:9
end_of_record
TN:
SF:/Users/jasonslade/Sites/zoopla/app/components/SearchBar/SearchBar.js
FN:4,(anonymous_0)
FN:12,(anonymous_1)
FN:16,(anonymous_2)
FN:21,(anonymous_3)
FN:25,(anonymous_4)
FNF:5
FNH:3
FNDA:1,(anonymous_0)
FNDA:0,(anonymous_1)
FNDA:0,(anonymous_2)
FNDA:1,(anonymous_3)
FNDA:1,(anonymous_4)
DA:5,1
DA:6,1
DA:8,1
DA:9,1
DA:13,0
DA:17,0
DA:18,0
DA:26,1
LF:8
LH:5
BRF:0
BRH:0
end_of_record
TN:
SF:/Users/jasonslade/Sites/zoopla/app/pages/results.js
FN:10,(anonymous_0)
FN:15,(anonymous_1)
FN:26,(anonymous_2)
FN:41,(anonymous_3)
FN:61,(anonymous_4)
FN:65,(anonymous_5)
FN:69,(anonymous_6)
FNF:7
FNH:6
FNDA:0,(anonymous_0)
FNDA:4,(anonymous_1)
FNDA:4,(anonymous_2)
FNDA:15,(anonymous_3)
FNDA:4,(anonymous_4)
FNDA:4,(anonymous_5)
FNDA:4,(anonymous_6)
DA:11,0
DA:12,0
DA:16,4
DA:17,4
DA:27,4
DA:28,0
DA:32,4
DA:36,4
DA:38,4
DA:39,3
DA:41,15
DA:62,4
DA:66,4
DA:70,4
DA:71,4
LF:15
LH:12
BRDA:27,0,0,0
BRDA:27,0,1,4
BRDA:27,1,0,4
BRDA:27,1,1,4
BRDA:36,2,0,3
BRDA:36,2,1,1
BRDA:38,3,0,3
BRDA:38,3,1,1
BRDA:74,4,0,4
BRDA:74,4,1,0
BRDA:86,5,0,3
BRDA:86,5,1,1
BRF:12
BRH:10
end_of_record
